SF:lib/model/order_book.dart
DA:14,2
DA:19,4
DA:21,0
DA:22,0
LF:4
LH:2
end_of_record
SF:lib/model/order_book.g.dart
DA:9,0
DA:10,0
DA:11,0
DA:13,0
DA:14,0
DA:15,0
DA:16,0
DA:17,0
DA:18,0
DA:20,0
DA:21,0
DA:22,0
DA:23,0
DA:24,0
LF:14
LH:0
end_of_record
SF:lib/model/repository/trading_repository.dart
DA:18,0
DA:19,0
DA:20,0
DA:21,0
DA:27,0
DA:28,0
DA:29,0
LF:7
LH:0
end_of_record
SF:lib/model/tick.dart
DA:16,2
DA:26,0
DA:27,0
LF:3
LH:1
end_of_record
SF:lib/model/tick.g.dart
DA:9,0
DA:10,0
DA:11,0
DA:12,0
DA:13,0
DA:14,0
DA:15,0
DA:16,0
DA:19,0
DA:20,0
DA:21,0
DA:22,0
DA:23,0
DA:24,0
DA:25,0
DA:26,0
LF:16
LH:0
end_of_record
SF:lib/model/apis/app_exception.dart
DA:7,0
DA:9,0
DA:10,0
DA:15,0
DA:16,0
DA:20,0
DA:24,0
DA:28,0
DA:32,0
DA:36,0
DA:40,0
LF:11
LH:0
end_of_record
SF:lib/resource/app_constants.dart
DA:4,0
LF:1
LH:0
end_of_record
SF:lib/model/trade.dart
DA:13,0
DA:19,0
DA:20,0
LF:3
LH:0
end_of_record
SF:lib/model/trade.g.dart
DA:9,0
DA:10,0
DA:11,0
DA:12,0
DA:13,0
DA:16,0
DA:17,0
DA:18,0
DA:19,0
DA:20,0
LF:10
LH:0
end_of_record
SF:lib/model/services/trading_service.dart
DA:14,0
DA:17,0
DA:18,0
DA:19,0
DA:20,0
DA:21,0
DA:22,0
DA:28,0
DA:31,0
DA:32,0
DA:33,0
DA:34,0
DA:35,0
DA:36,0
DA:41,0
DA:43,0
DA:44,0
DA:45,0
DA:47,0
DA:48,0
DA:49,0
DA:50,0
DA:51,0
DA:52,0
DA:53,0
DA:54,0
DA:55,0
DA:56,0
DA:58,0
DA:59,0
LF:30
LH:0
end_of_record
SF:lib/view_model/trading_view_model.dart
DA:16,2
DA:51,2
DA:52,2
DA:54,1
DA:56,1
DA:59,1
DA:61,1
DA:64,0
DA:66,0
DA:70,0
DA:72,0
DA:77,1
DA:78,2
DA:79,1
DA:80,1
DA:82,3
DA:83,2
DA:85,3
DA:86,1
DA:89,1
DA:94,1
DA:95,2
DA:96,1
DA:97,1
DA:99,3
DA:100,2
DA:102,3
DA:103,1
DA:106,1
DA:110,1
DA:112,1
DA:113,4
DA:114,3
DA:115,0
DA:116,0
DA:117,0
DA:118,0
DA:119,0
DA:120,0
DA:122,0
DA:128,1
DA:131,1
DA:137,1
DA:139,1
DA:143,1
DA:147,2
DA:148,1
DA:149,2
DA:150,0
LF:49
LH:37
end_of_record
SF:lib/main.dart
DA:8,0
DA:9,0
DA:10,0
DA:11,0
DA:12,0
DA:17,3
DA:20,1
DA:23,1
DA:24,1
DA:26,1
DA:27,1
DA:28,1
DA:30,1
DA:33,1
DA:38,1
DA:39,2
LF:16
LH:11
end_of_record
SF:lib/view/screens/home_screen.dart
DA:19,2
DA:21,1
DA:22,1
DA:37,0
DA:38,0
DA:40,0
DA:42,0
DA:43,0
DA:44,0
DA:45,0
DA:46,0
DA:52,1
DA:54,1
DA:56,1
DA:57,1
DA:59,1
DA:60,0
DA:62,0
DA:65,0
DA:66,0
DA:69,0
DA:70,0
DA:71,0
DA:75,0
DA:77,0
DA:78,0
DA:80,0
DA:81,0
DA:83,0
DA:86,0
DA:88,0
DA:89,0
DA:91,0
DA:97,0
DA:99,0
DA:100,0
DA:102,0
DA:103,0
DA:105,0
DA:108,0
DA:110,0
DA:111,0
DA:113,0
DA:119,0
DA:121,0
DA:122,0
DA:124,0
DA:125,0
DA:127,0
DA:133,0
DA:134,0
DA:135,0
DA:136,0
DA:138,0
DA:139,0
DA:142,0
DA:147,1
DA:156,1
DA:158,1
DA:159,1
DA:161,1
DA:162,2
DA:172,0
DA:173,0
DA:174,0
DA:176,0
DA:179,0
DA:180,0
DA:182,0
DA:183,0
DA:186,0
DA:187,0
DA:189,0
DA:190,0
DA:191,0
DA:198,0
DA:201,0
DA:202,0
DA:204,0
DA:205,0
DA:206,0
DA:207,0
DA:208,0
DA:212,0
DA:216,0
DA:217,0
DA:218,0
DA:219,0
DA:221,0
DA:225,0
DA:234,0
DA:238,1
DA:240,2
DA:241,3
DA:243,2
DA:244,2
DA:245,1
DA:246,1
DA:248,1
DA:249,1
DA:250,1
DA:251,1
DA:253,1
DA:254,2
DA:257,1
DA:259,1
DA:261,1
DA:262,2
DA:264,0
DA:265,0
DA:266,0
DA:269,0
DA:270,0
DA:271,0
DA:272,0
DA:275,1
DA:281,1
DA:282,0
DA:283,0
DA:284,0
DA:286,2
DA:290,1
DA:291,1
DA:292,1
DA:293,2
DA:294,2
DA:301,1
DA:302,0
DA:303,0
DA:304,0
DA:305,0
DA:309,1
DA:314,0
DA:315,0
DA:316,0
DA:317,0
DA:318,0
DA:320,0
DA:323,0
DA:327,0
DA:328,0
DA:329,0
DA:330,0
DA:331,0
DA:333,0
DA:336,0
DA:340,0
DA:341,0
DA:346,0
DA:347,0
LF:150
LH:41
end_of_record
SF:lib/model/apis/api_response.dart
DA:6,2
DA:8,1
DA:10,1
DA:12,1
DA:14,0
DA:16,0
DA:20,2
LF:7
LH:5
end_of_record
SF:lib/resource/app_colors.dart
DA:4,0
DA:5,2
DA:6,0
DA:7,0
DA:8,3
LF:5
LH:2
end_of_record
SF:lib/resource/app_styles.dart
DA:9,0
DA:10,0
DA:14,0
DA:15,0
DA:19,0
DA:20,0
DA:24,0
DA:25,0
DA:29,0
DA:30,0
DA:34,0
DA:35,0
DA:39,0
DA:44,0
DA:45,0
DA:49,0
DA:50,0
DA:54,0
DA:59,0
DA:64,0
DA:69,0
DA:74,0
DA:79,0
DA:84,0
DA:85,0
DA:89,0
DA:90,0
DA:94,0
DA:99,0
DA:100,0
DA:104,0
DA:105,0
DA:109,0
DA:114,0
DA:119,0
DA:124,0
LF:36
LH:0
end_of_record
